<?xml version="1.0" encoding="UTF-8"?>
<testng-results ignored="0" total="1" passed="1" failed="0" skipped="0">
  <reporter-output>
  </reporter-output>
  <suite started-at="2022-06-05T06:41:55Z" name="Default suite" finished-at="2022-06-05T06:42:01Z" duration-ms="5976">
    <groups>
    </groups>
    <test started-at="2022-06-05T06:41:55Z" name="Default test" finished-at="2022-06-05T06:42:01Z" duration-ms="5976">
      <class name="APIChaining.EndToEndTestPhase3">
        <test-method signature="testall()[pri:0, instance:APIChaining.EndToEndTestPhase3@38ba6ce3]" started-at="2022-06-05T06:41:55Z" name="testall" finished-at="2022-06-05T06:42:01Z" duration-ms="5943" status="PASS">
          <reporter-output>
          </reporter-output>
        </test-method> <!-- testall -->
      </class> <!-- APIChaining.EndToEndTestPhase3 -->
    </test> <!-- Default test -->
  </suite> <!-- Default suite -->
</testng-results>
